<?xml version="1.0" encoding="UTF-8"?>
<testsuite name="jp.hkento.ApplicationTest" tests="2" skipped="0" failures="0" errors="0" timestamp="2019-01-14T07:16:11" hostname="hiroga-MBP" time="1.654">
  <properties/>
  <testcase name="testRoot" classname="jp.hkento.ApplicationTest" time="1.59"/>
  <testcase name="testClientMock" classname="jp.hkento.ApplicationTest" time="0.059"/>
  <system-out><![CDATA[2019-01-14 16:16:12.582 [Test worker] INFO  ktor.test - No ktor.deployment.watch patterns specified, automatic reload is not active
2019-01-14 16:16:12:941 (KOIN)::[i] [PrintLogger] display debug = false
2019-01-14 16:16:12:961 (KOIN)::[i] [definition] declare Single [name='Random',class='java.util.Random']
2019-01-14 16:16:12:961 (KOIN)::[i] [modules] loaded 1 definitions
2019-01-14 16:16:12:963 (KOIN)::[i] [modules] loaded in 5.813211 ms
2019-01-14 16:16:12:965 (KOIN)::[i] Creating instances ...
2019-01-14 16:16:12:968 (KOIN)::[i] +-- 'java.util.Random'
2019-01-14 16:16:12:988 (KOIN)::[i] \-- (*) Created
2019-01-14 16:16:12:990 (KOIN)::[i] [Koin] started in 43.102144 ms
2019-01-14 16:16:13.376 [DefaultDispatcher-worker-1 @request#2] TRACE ktor.test - 200 OK: GET - /
2019-01-14 16:16:13.403 [Test worker] TRACE ktor.test - Application stopping: io.ktor.application.Application@711f930a
2019-01-14 16:16:13.406 [Test worker] TRACE ktor.test - Application stopped: io.ktor.application.Application@711f930a
]]></system-out>
  <system-err><![CDATA[]]></system-err>
</testsuite>
